
ROM used:   1075/8192 (13%)
            1075/8192 (13%) including unused fragments

            0.8 Average locations per line
            5.0 Average locations per statement

RAM used:   36/368 (10%) at main() level
            48/368 (13%) worst case

Stack used: 5 worst case (5 in main + 0 for interrupts)
Stack size: 8

Lines Stmts  %   Files
----- ----- ---  -----
  137    74  35  main.c
    5     0   0  main.h
  671     0   0  ..\..\..\..\..\..\..\Program Files (x86)\PICC\Devices\16F877A.h
  456   100  47  ..\..\..\..\..\..\..\Program Files (x86)\PICC\Drivers\lcd.c
  135    40  19  ..\..\..\..\..\..\..\Program Files (x86)\PICC\Drivers\kbd.c
----- -----
 1404   214 Total

Page ROM  %  RAM   Vol Diff  Functions:
---- --- --- ---   --- ----  ----------
0     20   2    1             @delay_ms2
 Inline         3   760  4.5  lcd_read_byte
0     49   5    2   262  3.7  lcd_read_nibble
0     44   4    1   399  2.4  lcd_send_nibble
0     92   9    3   415  3.7  lcd_send_byte
0     70   7    6   852  6.2  lcd_init
0     18   2    4   208  6.3  lcd_gotoxy
0     44   4    1   354  4.7  lcd_putc
0     16   1    0             @const662
0      3   0    0     3  0.0  kbd_init
0    138  13    3  4540 10.2  kbd_getc
 Inline         2             @MUL88
0    388  36    2  2335  7.8  MAIN
0      7   1    0             @const685
0     86   8    4             @PSTRINGC7_649
0      1   0    0             @const687
0      7   1    0             @const688
0      9   1    0             @const689
0     24   2    2             @PSTRINGR_649
0     11   1    0             @const692
0     10   1    0             @const693
0      8   1    0             @const694
0      8   1    0             @const695
0      1   0    0             @const696
0      8   1    0             @const697
0      1   0    0             @const698
0      8   1    0             @const699
 Inline         0             @cinit1

Program metrics:
    Functions               10
    Statements              214
    Comments                262
    Volume (V)              14024
    Difficulty (D)          48.4
    Effort to implement (E) 679432
    Time to implement (T)   10 hours, 29 minutes
    Est Delivered Bugs (B)  3
    Cyclomatic Complexity   26
    Maintainability (MI)    133

 Segment     Used  Free
-----------  ----  ----
00000-00003     4  0  
00004-007FF  1071  973  
00800-00FFF     0  2048  
01000-017FF     0  2048  
01800-01FFF     0  2048  



